<?xml version="1.0" encoding="UTF-8"?>
<testsuite name="ru.stqa.ptf.sandbox.PointTest" tests="1" skipped="0" failures="0" errors="0" timestamp="2020-09-29T15:19:43" hostname="morozova" time="0.006">
  <properties/>
  <testcase name="testArea" classname="ru.stqa.ptf.sandbox.PointTest" time="0.006"/>
  <system-out><![CDATA[]]></system-out>
  <system-err><![CDATA[]]></system-err>
</testsuite>
